<?xml version="1.0" encoding="UTF-8"?>
<!-- Generated by org.testng.reporters.JUnitReportReporter -->
<testsuite skipped="0" hostname="DDC2-D-9TQR9B2" name="pac1.Key01" tests="1" failures="0" timestamp="19 Jul 2019 07:19:03 GMT" time="31.756" errors="0">
  <testcase name="f" time="31.756" classname="pac1.Key01"/>
</testsuite> <!-- pac1.Key01 -->
