<?xml version="1.0" encoding="UTF-8"?>
<!-- Generated by org.testng.reporters.JUnitReportReporter -->
<testsuite skipped="0" hostname="DDC2-D-9TQR9B2" name="pac1.frame" tests="1" failures="0" timestamp="18 Jul 2019 10:02:23 GMT" time="20.137" errors="0">
  <testcase name="f" time="20.137" classname="pac1.frame"/>
</testsuite> <!-- pac1.frame -->
