<?xml version="1.0" encoding="UTF-8"?>
<!-- Generated by org.testng.reporters.JUnitReportReporter -->
<testsuite skipped="0" hostname="DDC2-D-9TQR9B2" name="pac1.testmemouse" tests="1" failures="0" timestamp="19 Jul 2019 03:41:16 GMT" time="22.166" errors="0">
  <testcase name="f" time="22.166" classname="pac1.testmemouse"/>
</testsuite> <!-- pac1.testmemouse -->
