<?xml version="1.0" encoding="UTF-8"?>
<!-- Generated by org.testng.reporters.JUnitReportReporter -->
<testsuite skipped="1" hostname="DDC2-D-9TQR9B2" name="pac1.Mydemo01" tests="3" failures="0" timestamp="17 Jul 2019 09:56:46 GMT" time="0.015" errors="0">
  <testcase name="f" time="0.015" classname="pac1.Mydemo01"/>
  <testcase name="h" time="0.000" classname="pac1.Mydemo01"/>
  <testcase name="g" classname="pac1.Mydemo01">
    <skipped/>
  </testcase> <!-- g -->
</testsuite> <!-- pac1.Mydemo01 -->
