<?xml version="1.0" encoding="UTF-8"?>
<!-- Generated by org.testng.reporters.JUnitReportReporter -->
<testsuite skipped="0" hostname="DDC2-D-9TQR9B2" name="pac1.events" tests="1" failures="0" timestamp="22 Jul 2019 10:39:28 GMT" time="17.648" errors="0">
  <testcase name="f" time="17.648" classname="pac1.events"/>
</testsuite> <!-- pac1.events -->
