<?xml version="1.0" encoding="UTF-8"?>
<!-- Generated by org.testng.reporters.JUnitReportReporter -->
<testsuite skipped="0" hostname="DDC2-D-9TQR9B2" name="pac1.sbi" tests="1" failures="0" timestamp="18 Jul 2019 07:11:53 GMT" time="30.672" errors="0">
  <testcase name="f" time="30.672" classname="pac1.sbi"/>
</testsuite> <!-- pac1.sbi -->
