<?xml version="1.0" encoding="UTF-8"?>
<!-- Generated by org.testng.reporters.JUnitReportReporter -->
<testsuite skipped="0" hostname="DDC2-D-9TQR9B2" name="pac1.suite" tests="3" failures="0" timestamp="19 Jul 2019 10:18:45 GMT" time="0.016" errors="0">
  <testcase name="h" time="0.000" classname="pac1.suite"/>
  <testcase name="g" time="0.000" classname="pac1.suite"/>
  <testcase name="f" time="0.016" classname="pac1.suite"/>
</testsuite> <!-- pac1.suite -->
