<?xml version="1.0" encoding="UTF-8"?>
<!-- Generated by org.testng.reporters.JUnitReportReporter -->
<testsuite skipped="0" hostname="DDC2-D-9TQR9B2" name="pac1.NewTest21" tests="1" failures="0" timestamp="19 Jul 2019 05:02:27 GMT" time="31.386" errors="0">
  <testcase name="f" time="31.386" classname="pac1.NewTest21"/>
</testsuite> <!-- pac1.NewTest21 -->
