<?xml version="1.0" encoding="UTF-8"?>
<!-- Generated by org.testng.reporters.JUnitReportReporter -->
<testsuite skipped="0" hostname="DDC2-D-9TQR9B2" name="pac1.Tsrtc" tests="1" failures="0" timestamp="18 Jul 2019 11:57:20 GMT" time="24.148" errors="0">
  <testcase name="f" time="24.148" classname="pac1.Tsrtc"/>
</testsuite> <!-- pac1.Tsrtc -->
