<?xml version="1.0" encoding="UTF-8"?>
<!-- Generated by org.testng.reporters.JUnitReportReporter -->
<testsuite skipped="2" hostname="DDC2-D-9TQR9B2" name="pac1.suite1" tests="3" failures="0" timestamp="19 Jul 2019 10:18:45 GMT" time="0.016" errors="0">
  <testcase name="o" time="0.016" classname="pac1.suite1"/>
  <testcase name="w" classname="pac1.suite1">
    <skipped/>
  </testcase> <!-- w -->
  <testcase name="q" classname="pac1.suite1">
    <skipped/>
  </testcase> <!-- q -->
</testsuite> <!-- pac1.suite1 -->
