<?xml version="1.0" encoding="UTF-8"?>
<!-- Generated by org.testng.reporters.JUnitReportReporter -->
<testsuite skipped="0" hostname="DDC2-D-9TQR9B2" name="pac1.testmeng01" tests="1" failures="0" timestamp="18 Jul 2019 05:03:19 GMT" time="38.394" errors="0">
  <testcase name="f" time="38.394" classname="pac1.testmeng01"/>
</testsuite> <!-- pac1.testmeng01 -->
