<?xml version="1.0" encoding="UTF-8"?>
<!-- Generated by org.testng.reporters.JUnitReportReporter -->
<testsuite skipped="0" hostname="DDC2-D-9TQR9B2" name="pac1.NewTest" tests="2" failures="0" timestamp="19 Jul 2019 10:07:17 GMT" time="0.022" errors="0">
  <testcase name="fedryf" time="0.015" classname="pac1.NewTest"/>
  <testcase name="fedryf" time="0.007" classname="pac1.NewTest"/>
</testsuite> <!-- pac1.NewTest -->
